101	106
101	359
101	578
109	344
113	126
113	578
117	116
117	355
157	233
175	578
176	233
177	233
186	106
186	124
204	352
254	121
259	121
259	230
259	341
259	355
263	351
277	126
305	109
321	106
321	232
333	348
338	109
339	107
339	359
397	351
405	112
419	105
438	359
441	109
489	343
491	111
505	235
510	235
511	117
513	117
513	235
625	126
625	235
625	343
625	358
625	360
625	361
625	364
625	578
625	675
637	344
637	351
637	361
638	344
638	358
638	361
639	106
639	578
639	678
659	361
681	341
705	113
718	109
718	112
731	361
739	109
749	106
749	109
749	112
749	116
749	117
749	233
749	236
749	341
749	344
749	351
749	360
749	361
749	578
749	675
750	352
759	106
759	109
759	112
759	121
759	124
759	126
759	233
759	235
759	236
759	237
759	340
759	341
759	347
759	348
759	350
759	351
759	352
759	360
759	365
759	578
759	675
759	678
779	106
779	121
779	125
779	236
779	340
779	341
779	344
779	347
779	351
779	352
779	359
779	361
779	365
779	578
793	236
847	117
847	344
847	364
847	366
